<?xml version="1.0" encoding="UTF-8"?>
<testsuite xmlns:xsi="http://www.w3.org/2001/XMLSchema-instance" xsi:noNamespaceSchemaLocation="https://maven.apache.org/surefire/maven-surefire-plugin/xsd/surefire-test-report-3.0.xsd" version="3.0" name="fr.istic.vv.DateTest" time="0.037" tests="17" errors="0" skipped="0" failures="0">
  <properties>
    <property name="sun.desktop" value="gnome"/>
    <property name="awt.toolkit" value="sun.awt.X11.XToolkit"/>
    <property name="java.specification.version" value="11"/>
    <property name="sun.cpu.isalist" value=""/>
    <property name="sun.jnu.encoding" value="UTF-8"/>
    <property name="java.class.path" value="/home/kate/Kate/Rennes1/M2/VV/VV-ISTIC-TP3/code/tp3-date/target/test-classes:/home/kate/Kate/Rennes1/M2/VV/VV-ISTIC-TP3/code/tp3-date/target/classes:/home/kate/.m2/repository/org/junit/jupiter/junit-jupiter/5.6.2/junit-jupiter-5.6.2.jar:/home/kate/.m2/repository/org/junit/jupiter/junit-jupiter-api/5.6.2/junit-jupiter-api-5.6.2.jar:/home/kate/.m2/repository/org/apiguardian/apiguardian-api/1.1.0/apiguardian-api-1.1.0.jar:/home/kate/.m2/repository/org/opentest4j/opentest4j/1.2.0/opentest4j-1.2.0.jar:/home/kate/.m2/repository/org/junit/platform/junit-platform-commons/1.6.2/junit-platform-commons-1.6.2.jar:/home/kate/.m2/repository/org/junit/jupiter/junit-jupiter-params/5.6.2/junit-jupiter-params-5.6.2.jar:/home/kate/.m2/repository/org/junit/jupiter/junit-jupiter-engine/5.6.2/junit-jupiter-engine-5.6.2.jar:/home/kate/.m2/repository/org/junit/platform/junit-platform-engine/1.6.2/junit-platform-engine-1.6.2.jar:"/>
    <property name="java.vm.vendor" value="Ubuntu"/>
    <property name="sun.arch.data.model" value="64"/>
    <property name="java.vendor.url" value="https://ubuntu.com/"/>
    <property name="user.timezone" value=""/>
    <property name="java.vm.specification.version" value="11"/>
    <property name="os.name" value="Linux"/>
    <property name="sun.java.launcher" value="SUN_STANDARD"/>
    <property name="user.country" value="US"/>
    <property name="sun.boot.library.path" value="/usr/lib/jvm/java-11-openjdk-amd64/lib"/>
    <property name="sun.java.command" value="/home/kate/Kate/Rennes1/M2/VV/VV-ISTIC-TP3/code/tp3-date/target/surefire/surefirebooter14083941039709309002.jar /home/kate/Kate/Rennes1/M2/VV/VV-ISTIC-TP3/code/tp3-date/target/surefire 2024-01-14T20-18-22_582-jvmRun1 surefire4021866473361343253tmp surefire_010193125358326461551tmp"/>
    <property name="jdk.debug" value="release"/>
    <property name="surefire.test.class.path" value="/home/kate/Kate/Rennes1/M2/VV/VV-ISTIC-TP3/code/tp3-date/target/test-classes:/home/kate/Kate/Rennes1/M2/VV/VV-ISTIC-TP3/code/tp3-date/target/classes:/home/kate/.m2/repository/org/junit/jupiter/junit-jupiter/5.6.2/junit-jupiter-5.6.2.jar:/home/kate/.m2/repository/org/junit/jupiter/junit-jupiter-api/5.6.2/junit-jupiter-api-5.6.2.jar:/home/kate/.m2/repository/org/apiguardian/apiguardian-api/1.1.0/apiguardian-api-1.1.0.jar:/home/kate/.m2/repository/org/opentest4j/opentest4j/1.2.0/opentest4j-1.2.0.jar:/home/kate/.m2/repository/org/junit/platform/junit-platform-commons/1.6.2/junit-platform-commons-1.6.2.jar:/home/kate/.m2/repository/org/junit/jupiter/junit-jupiter-params/5.6.2/junit-jupiter-params-5.6.2.jar:/home/kate/.m2/repository/org/junit/jupiter/junit-jupiter-engine/5.6.2/junit-jupiter-engine-5.6.2.jar:/home/kate/.m2/repository/org/junit/platform/junit-platform-engine/1.6.2/junit-platform-engine-1.6.2.jar:"/>
    <property name="sun.cpu.endian" value="little"/>
    <property name="user.home" value="/home/kate"/>
    <property name="user.language" value="en"/>
    <property name="java.specification.vendor" value="Oracle Corporation"/>
    <property name="java.version.date" value="2023-10-17"/>
    <property name="java.home" value="/usr/lib/jvm/java-11-openjdk-amd64"/>
    <property name="file.separator" value="/"/>
    <property name="basedir" value="/home/kate/Kate/Rennes1/M2/VV/VV-ISTIC-TP3/code/tp3-date"/>
    <property name="java.vm.compressedOopsMode" value="Zero based"/>
    <property name="line.separator" value="&#10;"/>
    <property name="java.specification.name" value="Java Platform API Specification"/>
    <property name="java.vm.specification.vendor" value="Oracle Corporation"/>
    <property name="java.awt.graphicsenv" value="sun.awt.X11GraphicsEnvironment"/>
    <property name="surefire.real.class.path" value="/home/kate/Kate/Rennes1/M2/VV/VV-ISTIC-TP3/code/tp3-date/target/surefire/surefirebooter14083941039709309002.jar"/>
    <property name="sun.management.compiler" value="HotSpot 64-Bit Tiered Compilers"/>
    <property name="java.runtime.version" value="11.0.21+9-post-Ubuntu-0ubuntu122.04"/>
    <property name="user.name" value="kate"/>
    <property name="path.separator" value=":"/>
    <property name="os.version" value="6.5.0-14-generic"/>
    <property name="java.runtime.name" value="OpenJDK Runtime Environment"/>
    <property name="file.encoding" value="UTF-8"/>
    <property name="java.vm.name" value="OpenJDK 64-Bit Server VM"/>
    <property name="localRepository" value="/home/kate/.m2/repository"/>
    <property name="java.vendor.url.bug" value="https://bugs.launchpad.net/ubuntu/+source/openjdk-lts"/>
    <property name="java.io.tmpdir" value="/tmp"/>
    <property name="java.version" value="11.0.21"/>
    <property name="user.dir" value="/home/kate/Kate/Rennes1/M2/VV/VV-ISTIC-TP3/code/tp3-date"/>
    <property name="os.arch" value="amd64"/>
    <property name="java.vm.specification.name" value="Java Virtual Machine Specification"/>
    <property name="java.awt.printerjob" value="sun.print.PSPrinterJob"/>
    <property name="sun.os.patch.level" value="unknown"/>
    <property name="java.library.path" value="/usr/java/packages/lib:/usr/lib/x86_64-linux-gnu/jni:/lib/x86_64-linux-gnu:/usr/lib/x86_64-linux-gnu:/usr/lib/jni:/lib:/usr/lib"/>
    <property name="java.vm.info" value="mixed mode, sharing"/>
    <property name="java.vendor" value="Ubuntu"/>
    <property name="java.vm.version" value="11.0.21+9-post-Ubuntu-0ubuntu122.04"/>
    <property name="java.specification.maintenance.version" value="2"/>
    <property name="sun.io.unicode.encoding" value="UnicodeLittle"/>
    <property name="java.class.version" value="55.0"/>
  </properties>
  <testcase name="testCompareToPosteriorDate" classname="fr.istic.vv.DateTest" time="0.016"/>
  <testcase name="testIsNotLeapYear" classname="fr.istic.vv.DateTest" time="0.001"/>
  <testcase name="testInvalidDate" classname="fr.istic.vv.DateTest" time="0.002"/>
  <testcase name="testCompareToAnteriorDate" classname="fr.istic.vv.DateTest" time="0.001"/>
  <testcase name="testToString" classname="fr.istic.vv.DateTest" time="0.001"/>
  <testcase name="testCompareToEqualDates" classname="fr.istic.vv.DateTest" time="0.001"/>
  <testcase name="testIsValidDate" classname="fr.istic.vv.DateTest" time="0"/>
  <testcase name="testNextDateWithMaxDays" classname="fr.istic.vv.DateTest" time="0"/>
  <testcase name="testIsInvalidDate" classname="fr.istic.vv.DateTest" time="0"/>
  <testcase name="testValidDate" classname="fr.istic.vv.DateTest" time="0.001"/>
  <testcase name="testPreviousDate" classname="fr.istic.vv.DateTest" time="0"/>
  <testcase name="testIsLeapYear" classname="fr.istic.vv.DateTest" time="0"/>
  <testcase name="testCompareToNull" classname="fr.istic.vv.DateTest" time="0"/>
  <testcase name="testBooleanFalseReturn" classname="fr.istic.vv.DateTest" time="0.001"/>
  <testcase name="testPrimitiveReturns" classname="fr.istic.vv.DateTest" time="0"/>
  <testcase name="testBooleanTrueReturn" classname="fr.istic.vv.DateTest" time="0"/>
  <testcase name="testNextDate" classname="fr.istic.vv.DateTest" time="0"/>
</testsuite>